ResNet18的FedAvg+DP(o=0.1, No clipping)的cifar100的结果
2025-11-25 19:28:44,021:INFO:Epoch 1, client_count 10, Algo: FedAvgDP: train_accuracy=3.3660, val_accuracy=1.0500, train_loss=0.0707, val_loss=2.9319, epoch_time=67.00s
2025-11-25 19:29:50,722:INFO:Epoch 2, client_count 10, Algo: FedAvgDP: train_accuracy=4.3820, val_accuracy=1.7500, train_loss=0.0691, val_loss=0.5536, epoch_time=66.70s Acc: 1.75%
2025-11-25 19:31:24,631:INFO:Epoch 3, client_count 10, Algo: FedAvgDP: train_accuracy=5.3540, val_accuracy=1.3700, train_loss=0.0674, val_loss=0.3834, epoch_time=93.91s
2025-11-25 19:32:35,002:INFO:Epoch 4, client_count 10, Algo: FedAvgDP: train_accuracy=5.9100, val_accuracy=2.2000, train_loss=0.0660, val_loss=0.3539, epoch_time=70.37s
2025-11-25 19:33:46,981:INFO:Epoch 5, client_count 10, Algo: FedAvgDP: train_accuracy=6.6980, val_accuracy=3.8400, train_loss=0.0652, val_loss=0.3070, epoch_time=71.98s
2025-11-25 19:34:59,581:INFO:Epoch 6, client_count 10, Algo: FedAvgDP: train_accuracy=7.1380, val_accuracy=3.5400, train_loss=0.0645, val_loss=0.3177, epoch_time=72.60s
2025-11-25 19:36:14,938:INFO:Epoch 7, client_count 10, Algo: FedAvgDP: train_accuracy=8.2420, val_accuracy=4.8900, train_loss=0.0637, val_loss=0.3162, epoch_time=75.36s
2025-11-25 19:37:30,220:INFO:Epoch 8, client_count 10, Algo: FedAvgDP: train_accuracy=8.6820, val_accuracy=4.5000, train_loss=0.0631, val_loss=0.2941, epoch_time=75.28s
2025-11-25 19:38:43,250:INFO:Epoch 9, client_count 10, Algo: FedAvgDP: train_accuracy=9.1660, val_accuracy=5.6700, train_loss=0.0624, val_loss=0.2774, epoch_time=73.03s
2025-11-25 19:39:59,259:INFO:Epoch 10, client_count 10, Algo: FedAvgDP: train_accuracy=10.0000, val_accuracy=6.8800, train_loss=0.0618, val_loss=0.2786, epoch_time=76.01s
2025-11-25 19:41:19,426:INFO:Epoch 11, client_count 10, Algo: FedAvgDP: train_accuracy=10.4400, val_accuracy=7.8400, train_loss=0.0615, val_loss=0.2701, epoch_time=80.17s
2025-11-25 19:42:35,846:INFO:Epoch 12, client_count 10, Algo: FedAvgDP: train_accuracy=10.9700, val_accuracy=6.6800, train_loss=0.0609, val_loss=0.2807, epoch_time=76.42s
2025-11-25 19:43:51,986:INFO:Epoch 13, client_count 10, Algo: FedAvgDP: train_accuracy=11.1500, val_accuracy=7.5700, train_loss=0.0605, val_loss=0.2758, epoch_time=76.14s
2025-11-25 19:45:09,724:INFO:Epoch 14, client_count 10, Algo: FedAvgDP: train_accuracy=11.7260, val_accuracy=8.2900, train_loss=0.0602, val_loss=0.2699, epoch_time=77.74s
2025-11-25 19:46:26,287:INFO:Epoch 15, client_count 10, Algo: FedAvgDP: train_accuracy=11.9740, val_accuracy=8.2300, train_loss=0.0598, val_loss=0.2609, epoch_time=76.56s
2025-11-25 19:47:43,474:INFO:Epoch 16, client_count 10, Algo: FedAvgDP: train_accuracy=12.3900, val_accuracy=9.2500, train_loss=0.0594, val_loss=0.2644, epoch_time=77.19s
2025-11-25 19:48:58,196:INFO:Epoch 17, client_count 10, Algo: FedAvgDP: train_accuracy=12.6500, val_accuracy=9.6800, train_loss=0.0591, val_loss=0.2528, epoch_time=74.72s
2025-11-25 19:50:12,956:INFO:Epoch 18, client_count 10, Algo: FedAvgDP: train_accuracy=13.3220, val_accuracy=9.1200, train_loss=0.0587, val_loss=0.2578, epoch_time=74.76s
2025-11-25 19:51:27,815:INFO:Epoch 19, client_count 10, Algo: FedAvgDP: train_accuracy=13.6020, val_accuracy=7.6200, train_loss=0.0583, val_loss=0.2782, epoch_time=74.86s
2025-11-25 19:52:44,158:INFO:Epoch 20, client_count 10, Algo: FedAvgDP: train_accuracy=14.2640, val_accuracy=11.2900, train_loss=0.0580, val_loss=0.2536, epoch_time=76.34s
2025-11-25 19:53:59,659:INFO:Epoch 21, client_count 10, Algo: FedAvgDP: train_accuracy=14.5040, val_accuracy=11.2100, train_loss=0.0578, val_loss=0.2564, epoch_time=75.50s
2025-11-25 19:55:16,109:INFO:Epoch 22, client_count 10, Algo: FedAvgDP: train_accuracy=14.7120, val_accuracy=12.1800, train_loss=0.0575, val_loss=0.2435, epoch_time=76.45s
2025-11-25 19:56:32,571:INFO:Epoch 23, client_count 10, Algo: FedAvgDP: train_accuracy=15.1620, val_accuracy=9.6300, train_loss=0.0572, val_loss=0.2580, epoch_time=76.46s
2025-11-25 19:57:47,829:INFO:Epoch 24, client_count 10, Algo: FedAvgDP: train_accuracy=15.0600, val_accuracy=11.0700, train_loss=0.0571, val_loss=0.2524, epoch_time=75.26s
2025-11-25 19:59:04,417:INFO:Epoch 25, client_count 10, Algo: FedAvgDP: train_accuracy=15.4060, val_accuracy=11.7700, train_loss=0.0569, val_loss=0.2464, epoch_time=76.59s
2025-11-25 20:00:21,122:INFO:Epoch 26, client_count 10, Algo: FedAvgDP: train_accuracy=15.6760, val_accuracy=11.0800, train_loss=0.0565, val_loss=0.2462, epoch_time=76.70s
2025-11-25 20:01:37,128:INFO:Epoch 27, client_count 10, Algo: FedAvgDP: train_accuracy=16.0060, val_accuracy=13.2700, train_loss=0.0564, val_loss=0.2391, epoch_time=76.01s
2025-11-25 20:02:51,848:INFO:Epoch 28, client_count 10, Algo: FedAvgDP: train_accuracy=16.2220, val_accuracy=11.9900, train_loss=0.0562, val_loss=0.2537, epoch_time=74.72s
2025-11-25 20:04:05,858:INFO:Epoch 29, client_count 10, Algo: FedAvgDP: train_accuracy=16.4480, val_accuracy=11.8500, train_loss=0.0560, val_loss=0.2470, epoch_time=74.01s
2025-11-25 20:05:21,611:INFO:Epoch 30, client_count 10, Algo: FedAvgDP: train_accuracy=16.7180, val_accuracy=12.4000, train_loss=0.0556, val_loss=0.2540, epoch_time=75.75s

FedAvg+DP (σ = 0.1, No clipping)-resnet18_cifar10：42.52%
2025-11-25 20:21:48,165:INFO:Epoch 1, client_count 10, Algo: FedAvgDP: train_accuracy=21.3620, val_accuracy=10.5000, train_loss=0.0384, val_loss=0.2775, epoch_time=72.59s
2025-11-25 20:23:01,020:INFO:Epoch 2, client_count 10, Algo: FedAvgDP: train_accuracy=24.1560, val_accuracy=14.6400, train_loss=0.0345, val_loss=0.1719, epoch_time=72.85s
2025-11-25 20:24:13,519:INFO:Epoch 3, client_count 10, Algo: FedAvgDP: train_accuracy=27.3220, val_accuracy=11.3300, train_loss=0.0320, val_loss=0.1970, epoch_time=72.50s
2025-11-25 20:25:30,674:INFO:Epoch 4, client_count 10, Algo: FedAvgDP: train_accuracy=29.9800, val_accuracy=18.0200, train_loss=0.0302, val_loss=0.1704, epoch_time=77.15s
2025-11-25 20:26:47,215:INFO:Epoch 5, client_count 10, Algo: FedAvgDP: train_accuracy=32.2840, val_accuracy=30.0700, train_loss=0.0292, val_loss=0.1217, epoch_time=76.54s
2025-11-25 20:28:03,533:INFO:Epoch 6, client_count 10, Algo: FedAvgDP: train_accuracy=34.2840, val_accuracy=23.4600, train_loss=0.0283, val_loss=0.1600, epoch_time=76.31s
2025-11-25 20:29:19,025:INFO:Epoch 7, client_count 10, Algo: FedAvgDP: train_accuracy=35.6860, val_accuracy=30.4800, train_loss=0.0279, val_loss=0.1153, epoch_time=75.49s
2025-11-25 20:30:34,015:INFO:Epoch 8, client_count 10, Algo: FedAvgDP: train_accuracy=37.3360, val_accuracy=32.0500, train_loss=0.0274, val_loss=0.1144, epoch_time=74.99s
2025-11-25 20:31:52,842:INFO:Epoch 9, client_count 10, Algo: FedAvgDP: train_accuracy=37.9200, val_accuracy=28.1000, train_loss=0.0270, val_loss=0.1381, epoch_time=78.83s
2025-11-25 20:33:09,559:INFO:Epoch 10, client_count 10, Algo: FedAvgDP: train_accuracy=39.5280, val_accuracy=35.8800, train_loss=0.0263, val_loss=0.1109, epoch_time=76.72s
2025-11-25 20:34:24,747:INFO:Epoch 11, client_count 10, Algo: FedAvgDP: train_accuracy=39.7260, val_accuracy=32.1300, train_loss=0.0262, val_loss=0.1286, epoch_time=75.19s
2025-11-25 20:35:38,458:INFO:Epoch 12, client_count 10, Algo: FedAvgDP: train_accuracy=40.4620, val_accuracy=38.7500, train_loss=0.0260, val_loss=0.1100, epoch_time=73.71s
2025-11-25 20:36:52,067:INFO:Epoch 13, client_count 10, Algo: FedAvgDP: train_accuracy=41.7640, val_accuracy=35.5100, train_loss=0.0253, val_loss=0.1267, epoch_time=73.61s
2025-11-25 20:38:06,278:INFO:Epoch 14, client_count 10, Algo: FedAvgDP: train_accuracy=42.8640, val_accuracy=29.2300, train_loss=0.0250, val_loss=0.1229, epoch_time=74.21s
2025-11-25 20:39:20,713:INFO:Epoch 15, client_count 10, Algo: FedAvgDP: train_accuracy=43.5960, val_accuracy=38.1500, train_loss=0.0248, val_loss=0.1098, epoch_time=74.43s
2025-11-25 20:40:35,957:INFO:Epoch 16, client_count 10, Algo: FedAvgDP: train_accuracy=43.7480, val_accuracy=28.5700, train_loss=0.0247, val_loss=0.1354, epoch_time=75.24s
2025-11-25 20:41:51,467:INFO:Epoch 17, client_count 10, Algo: FedAvgDP: train_accuracy=44.7720, val_accuracy=44.3000, train_loss=0.0243, val_loss=0.0998, epoch_time=75.51s
2025-11-25 20:43:09,001:INFO:Epoch 18, client_count 10, Algo: FedAvgDP: train_accuracy=45.1280, val_accuracy=42.4100, train_loss=0.0241, val_loss=0.1095, epoch_time=77.53s
2025-11-25 20:44:24,592:INFO:Epoch 19, client_count 10, Algo: FedAvgDP: train_accuracy=46.0780, val_accuracy=44.0000, train_loss=0.0239, val_loss=0.1009, epoch_time=75.59s
2025-11-25 20:45:40,168:INFO:Epoch 20, client_count 10, Algo: FedAvgDP: train_accuracy=46.0540, val_accuracy=38.4300, train_loss=0.0237, val_loss=0.1242, epoch_time=75.58s
2025-11-25 20:46:54,780:INFO:Epoch 21, client_count 10, Algo: FedAvgDP: train_accuracy=46.9040, val_accuracy=42.5200, train_loss=0.0233, val_loss=0.1052, epoch_time=74.61s
2025-11-25 20:48:08,425:INFO:Epoch 22, client_count 10, Algo: FedAvgDP: train_accuracy=47.3820, val_accuracy=38.1400, train_loss=0.0232, val_loss=0.1219, epoch_time=73.65s
2025-11-25 20:49:20,431:INFO:Epoch 23, client_count 10, Algo: FedAvgDP: train_accuracy=47.7620, val_accuracy=39.4900, train_loss=0.0231, val_loss=0.1061, epoch_time=72.00s
2025-11-25 20:50:32,614:INFO:Epoch 24, client_count 10, Algo: FedAvgDP: train_accuracy=48.1520, val_accuracy=36.5900, train_loss=0.0229, val_loss=0.1257, epoch_time=72.18s
2025-11-25 20:51:47,733:INFO:Epoch 25, client_count 10, Algo: FedAvgDP: train_accuracy=49.3400, val_accuracy=44.9500, train_loss=0.0224, val_loss=0.0999, epoch_time=75.12s
2025-11-25 20:53:03,898:INFO:Epoch 26, client_count 10, Algo: FedAvgDP: train_accuracy=48.9160, val_accuracy=44.3200, train_loss=0.0225, val_loss=0.1045, epoch_time=76.17s
2025-11-25 20:54:18,792:INFO:Epoch 27, client_count 10, Algo: FedAvgDP: train_accuracy=49.7600, val_accuracy=39.5300, train_loss=0.0223, val_loss=0.1166, epoch_time=74.89s
2025-11-25 20:55:33,521:INFO:Epoch 28, client_count 10, Algo: FedAvgDP: train_accuracy=49.5980, val_accuracy=44.8800, train_loss=0.0223, val_loss=0.1007, epoch_time=74.73s
2025-11-25 20:56:47,620:INFO:Epoch 29, client_count 10, Algo: FedAvgDP: train_accuracy=50.8020, val_accuracy=39.6600, train_loss=0.0218, val_loss=0.1219, epoch_time=74.10s
2025-11-25 20:58:01,008:INFO:Epoch 30, client_count 10, Algo: FedAvgDP: train_accuracy=50.4480, val_accuracy=42.4300, train_loss=0.0220, val_loss=0.1053, epoch_time=73.39s