2025-11-24 22:06:52,108:INFO:Epoch 1, client_count 10, Algo: FedAvg, data_type: IID: train_accuracy=3.5220, test_accuracy=2.2900, train_loss=0.0708, test_loss=0.2855
2025-11-24 22:07:33,687:INFO:Epoch 2, client_count 10, Algo: FedAvg, data_type: IID: train_accuracy=6.3400, test_accuracy=9.7100, train_loss=0.0652, test_loss=0.2438
2025-11-24 22:08:15,826:INFO:Epoch 3, client_count 10, Algo: FedAvg, data_type: IID: train_accuracy=9.0620, test_accuracy=12.9600, train_loss=0.0615, test_loss=0.2296
2025-11-24 22:08:57,460:INFO:Epoch 4, client_count 10, Algo: FedAvg, data_type: IID: train_accuracy=11.9120, test_accuracy=17.0300, train_loss=0.0585, test_loss=0.2153
2025-11-24 22:09:37,619:INFO:Epoch 5, client_count 10, Algo: FedAvg, data_type: IID: train_accuracy=14.9640, test_accuracy=20.3700, train_loss=0.0556, test_loss=0.2062
2025-11-24 22:10:24,847:INFO:Epoch 6, client_count 10, Algo: FedAvg, data_type: IID: train_accuracy=17.3440, test_accuracy=21.4800, train_loss=0.0533, test_loss=0.2000
2025-11-24 22:11:21,709:INFO:Epoch 7, client_count 10, Algo: FedAvg, data_type: IID: train_accuracy=19.8520, test_accuracy=22.5800, train_loss=0.0512, test_loss=0.1935
2025-11-24 22:12:10,958:INFO:Epoch 8, client_count 10, Algo: FedAvg, data_type: IID: train_accuracy=22.1040, test_accuracy=26.1400, train_loss=0.0492, test_loss=0.1845
2025-11-24 22:12:49,343:INFO:Epoch 9, client_count 10, Algo: FedAvg, data_type: IID: train_accuracy=24.2980, test_accuracy=27.9400, train_loss=0.0474, test_loss=0.1778
2025-11-24 22:13:27,527:INFO:Epoch 10, client_count 10, Algo: FedAvg, data_type: IID: train_accuracy=26.6240, test_accuracy=28.7700, train_loss=0.0456, test_loss=0.1756
2025-11-24 22:14:04,040:INFO:Epoch 11, client_count 10, Algo: FedAvg, data_type: IID: train_accuracy=28.7280, test_accuracy=30.3200, train_loss=0.0437, test_loss=0.1721
2025-11-24 22:14:40,447:INFO:Epoch 12, client_count 10, Algo: FedAvg, data_type: IID: train_accuracy=30.8320, test_accuracy=32.1000, train_loss=0.0421, test_loss=0.1647
2025-11-24 22:15:16,980:INFO:Epoch 13, client_count 10, Algo: FedAvg, data_type: IID: train_accuracy=32.8480, test_accuracy=34.8900, train_loss=0.0405, test_loss=0.1570
2025-11-24 22:15:54,003:INFO:Epoch 14, client_count 10, Algo: FedAvg, data_type: IID: train_accuracy=35.4660, test_accuracy=36.2500, train_loss=0.0387, test_loss=0.1545
2025-11-24 22:16:30,527:INFO:Epoch 15, client_count 10, Algo: FedAvg, data_type: IID: train_accuracy=37.5080, test_accuracy=38.0500, train_loss=0.0373, test_loss=0.1487
2025-11-24 22:17:07,244:INFO:Epoch 16, client_count 10, Algo: FedAvg, data_type: IID: train_accuracy=39.1880, test_accuracy=36.5500, train_loss=0.0357, test_loss=0.1525
2025-11-24 22:17:44,174:INFO:Epoch 17, client_count 10, Algo: FedAvg, data_type: IID: train_accuracy=41.4880, test_accuracy=37.0700, train_loss=0.0343, test_loss=0.1544
2025-11-24 22:18:21,762:INFO:Epoch 18, client_count 10, Algo: FedAvg, data_type: IID: train_accuracy=43.8000, test_accuracy=37.2400, train_loss=0.0330, test_loss=0.1500
2025-11-24 22:19:09,184:INFO:Epoch 19, client_count 10, Algo: FedAvg, data_type: IID: train_accuracy=45.4680, test_accuracy=37.1000, train_loss=0.0316, test_loss=0.1597
2025-11-24 22:19:45,859:INFO:Epoch 20, client_count 10, Algo: FedAvg, data_type: IID: train_accuracy=47.4300, test_accuracy=42.1800, train_loss=0.0304, test_loss=0.1381
2025-11-24 22:20:23,337:INFO:Epoch 21, client_count 10, Algo: FedAvg, data_type: IID: train_accuracy=49.6640, test_accuracy=41.9600, train_loss=0.0289, test_loss=0.1397
2025-11-24 22:21:01,773:INFO:Epoch 22, client_count 10, Algo: FedAvg, data_type: IID: train_accuracy=51.5000, test_accuracy=42.9100, train_loss=0.0277, test_loss=0.1362
2025-11-24 22:21:39,608:INFO:Epoch 23, client_count 10, Algo: FedAvg, data_type: IID: train_accuracy=53.1760, test_accuracy=42.3100, train_loss=0.0265, test_loss=0.1398
2025-11-24 22:22:16,650:INFO:Epoch 24, client_count 10, Algo: FedAvg, data_type: IID: train_accuracy=55.2900, test_accuracy=41.7900, train_loss=0.0252, test_loss=0.1415
2025-11-24 22:22:55,438:INFO:Epoch 25, client_count 10, Algo: FedAvg, data_type: IID: train_accuracy=57.7140, test_accuracy=43.0300, train_loss=0.0240, test_loss=0.1374
2025-11-24 22:23:33,842:INFO:Epoch 26, client_count 10, Algo: FedAvg, data_type: IID: train_accuracy=59.3100, test_accuracy=43.6300, train_loss=0.0229, test_loss=0.1382
2025-11-24 22:24:11,336:INFO:Epoch 27, client_count 10, Algo: FedAvg, data_type: IID: train_accuracy=61.6100, test_accuracy=45.6500, train_loss=0.0217, test_loss=0.1335
2025-11-24 22:24:49,150:INFO:Epoch 28, client_count 10, Algo: FedAvg, data_type: IID: train_accuracy=63.4140, test_accuracy=45.0300, train_loss=0.0204, test_loss=0.1373
2025-11-24 22:25:27,450:INFO:Epoch 29, client_count 10, Algo: FedAvg, data_type: IID: train_accuracy=65.0700, test_accuracy=42.8100, train_loss=0.0194, test_loss=0.1465
2025-11-24 22:26:04,856:INFO:Epoch 30, client_count 10, Algo: FedAvg, data_type: IID: train_accuracy=67.4100, test_accuracy=44.8200, train_loss=0.0182, test_loss=0.1372
2025-11-24 22:26:04,857:INFO:=== Summary for FedAvg (IID) ===
2025-11-24 22:26:04,857:INFO:Training time: 1194.63s, Final accuracy: 44.82%, Total comm cost: 3.37e+09, Convergence epoch: 11
2025-11-24 22:27:26,432:INFO:Epoch 1, client_count 10, Algo: FedAvgDP, data_type: IID: train_accuracy=3.3860, test_accuracy=1.0000, train_loss=0.0708, test_loss=0.2878
2025-11-24 22:28:07,775:INFO:Epoch 2, client_count 10, Algo: FedAvgDP, data_type: IID: train_accuracy=2.1880, test_accuracy=1.0000, train_loss=0.0723, test_loss=0.2878
2025-11-24 22:28:45,389:INFO:Epoch 3, client_count 10, Algo: FedAvgDP, data_type: IID: train_accuracy=2.4760, test_accuracy=3.0300, train_loss=0.0711, test_loss=0.2824
2025-11-24 22:29:22,222:INFO:Epoch 4, client_count 10, Algo: FedAvgDP, data_type: IID: train_accuracy=2.5380, test_accuracy=2.8100, train_loss=0.0704, test_loss=0.2806
2025-11-24 22:29:59,013:INFO:Epoch 5, client_count 10, Algo: FedAvgDP, data_type: IID: train_accuracy=2.4980, test_accuracy=2.9600, train_loss=0.0700, test_loss=0.2800
2025-11-24 22:30:36,795:INFO:Epoch 6, client_count 10, Algo: FedAvgDP, data_type: IID: train_accuracy=2.4840, test_accuracy=2.8400, train_loss=0.0697, test_loss=0.2762
2025-11-24 22:31:18,051:INFO:Epoch 7, client_count 10, Algo: FedAvgDP, data_type: IID: train_accuracy=2.4000, test_accuracy=2.8400, train_loss=0.0695, test_loss=0.2767
2025-11-24 22:31:56,083:INFO:Epoch 8, client_count 10, Algo: FedAvgDP, data_type: IID: train_accuracy=2.4540, test_accuracy=3.0300, train_loss=0.0693, test_loss=0.2785
2025-11-24 22:32:34,364:INFO:Epoch 9, client_count 10, Algo: FedAvgDP, data_type: IID: train_accuracy=2.6080, test_accuracy=2.9400, train_loss=0.0692, test_loss=0.2787
2025-11-24 22:33:26,342:INFO:Epoch 10, client_count 10, Algo: FedAvgDP, data_type: IID: train_accuracy=2.5400, test_accuracy=2.7800, train_loss=0.0690, test_loss=0.2781
2025-11-24 22:34:18,922:INFO:Epoch 11, client_count 10, Algo: FedAvgDP, data_type: IID: train_accuracy=2.6400, test_accuracy=3.1000, train_loss=0.0689, test_loss=0.2768
2025-11-24 22:35:10,426:INFO:Epoch 12, client_count 10, Algo: FedAvgDP, data_type: IID: train_accuracy=2.6540, test_accuracy=3.3800, train_loss=0.0688, test_loss=0.2776
2025-11-24 22:36:01,303:INFO:Epoch 13, client_count 10, Algo: FedAvgDP, data_type: IID: train_accuracy=2.6400, test_accuracy=3.1100, train_loss=0.0687, test_loss=0.2777
2025-11-24 22:36:51,926:INFO:Epoch 14, client_count 10, Algo: FedAvgDP, data_type: IID: train_accuracy=2.6760, test_accuracy=3.4000, train_loss=0.0686, test_loss=0.2775
2025-11-24 22:37:44,245:INFO:Epoch 15, client_count 10, Algo: FedAvgDP, data_type: IID: train_accuracy=2.7180, test_accuracy=3.5700, train_loss=0.0685, test_loss=0.2767
2025-11-24 22:38:37,034:INFO:Epoch 16, client_count 10, Algo: FedAvgDP, data_type: IID: train_accuracy=2.6920, test_accuracy=3.3200, train_loss=0.0684, test_loss=0.2767
2025-11-24 22:39:30,822:INFO:Epoch 17, client_count 10, Algo: FedAvgDP, data_type: IID: train_accuracy=2.6700, test_accuracy=3.9600, train_loss=0.0684, test_loss=0.2768
2025-11-24 22:40:28,979:INFO:Epoch 18, client_count 10, Algo: FedAvgDP, data_type: IID: train_accuracy=2.8380, test_accuracy=3.7300, train_loss=0.0683, test_loss=0.2780
2025-11-24 22:41:25,858:INFO:Epoch 19, client_count 10, Algo: FedAvgDP, data_type: IID: train_accuracy=2.7640, test_accuracy=3.8400, train_loss=0.0682, test_loss=0.2763
2025-11-24 22:42:22,531:INFO:Epoch 20, client_count 10, Algo: FedAvgDP, data_type: IID: train_accuracy=2.8380, test_accuracy=4.4700, train_loss=0.0682, test_loss=0.2775
2025-11-24 22:43:15,184:INFO:Epoch 21, client_count 10, Algo: FedAvgDP, data_type: IID: train_accuracy=3.0360, test_accuracy=4.5200, train_loss=0.0681, test_loss=0.2771
2025-11-24 22:44:08,281:INFO:Epoch 22, client_count 10, Algo: FedAvgDP, data_type: IID: train_accuracy=3.1120, test_accuracy=4.5300, train_loss=0.0681, test_loss=0.2774
2025-11-24 22:45:01,696:INFO:Epoch 23, client_count 10, Algo: FedAvgDP, data_type: IID: train_accuracy=3.1920, test_accuracy=3.6400, train_loss=0.0680, test_loss=0.2783
2025-11-24 22:45:40,134:INFO:Epoch 24, client_count 10, Algo: FedAvgDP, data_type: IID: train_accuracy=3.1740, test_accuracy=4.3600, train_loss=0.0680, test_loss=0.2778
2025-11-24 22:46:20,177:INFO:Epoch 25, client_count 10, Algo: FedAvgDP, data_type: IID: train_accuracy=3.3400, test_accuracy=4.5100, train_loss=0.0679, test_loss=0.2772
2025-11-24 22:46:59,210:INFO:Epoch 26, client_count 10, Algo: FedAvgDP, data_type: IID: train_accuracy=3.3360, test_accuracy=4.4200, train_loss=0.0679, test_loss=0.2768
2025-11-24 22:47:39,666:INFO:Epoch 27, client_count 10, Algo: FedAvgDP, data_type: IID: train_accuracy=3.5180, test_accuracy=3.9300, train_loss=0.0678, test_loss=0.2778
2025-11-24 22:48:18,425:INFO:Epoch 28, client_count 10, Algo: FedAvgDP, data_type: IID: train_accuracy=3.4980, test_accuracy=4.4500, train_loss=0.0677, test_loss=0.2775
2025-11-24 22:48:57,669:INFO:Epoch 29, client_count 10, Algo: FedAvgDP, data_type: IID: train_accuracy=3.5700, test_accuracy=4.9600, train_loss=0.0676, test_loss=0.2778
2025-11-24 22:49:38,860:INFO:Epoch 30, client_count 10, Algo: FedAvgDP, data_type: IID: train_accuracy=3.6400, test_accuracy=4.9600, train_loss=0.0676, test_loss=0.2772
2025-11-24 22:49:38,860:INFO:=== Summary for FedAvgDP (IID) ===
2025-11-24 22:49:38,861:INFO:Training time: 1371.06s, Final accuracy: 4.96%, Total comm cost: 3.37e+09, Convergence epoch: None
2025-11-24 22:51:05,641:INFO:Epoch 1, client_count 10, Algo: FedADMM, data_type: IID: train_accuracy=1.6320, test_accuracy=1.6200, train_loss=0.0744, test_loss=0.2883
2025-11-24 22:51:47,953:INFO:Epoch 2, client_count 10, Algo: FedADMM, data_type: IID: train_accuracy=2.4720, test_accuracy=1.4400, train_loss=0.0740, test_loss=0.2845
2025-11-24 22:52:31,588:INFO:Epoch 3, client_count 10, Algo: FedADMM, data_type: IID: train_accuracy=3.0500, test_accuracy=2.8700, train_loss=0.0729, test_loss=0.2774
2025-11-24 22:53:12,088:INFO:Epoch 4, client_count 10, Algo: FedADMM, data_type: IID: train_accuracy=3.5940, test_accuracy=4.3100, train_loss=0.0718, test_loss=0.2688
2025-11-24 22:53:52,627:INFO:Epoch 5, client_count 10, Algo: FedADMM, data_type: IID: train_accuracy=4.1740, test_accuracy=5.3500, train_loss=0.0707, test_loss=0.2633
2025-11-24 22:54:35,453:INFO:Epoch 6, client_count 10, Algo: FedADMM, data_type: IID: train_accuracy=4.7620, test_accuracy=5.1300, train_loss=0.0693, test_loss=0.2606
2025-11-24 22:55:15,092:INFO:Epoch 7, client_count 10, Algo: FedADMM, data_type: IID: train_accuracy=5.2920, test_accuracy=6.4500, train_loss=0.0683, test_loss=0.2566
2025-11-24 22:55:54,737:INFO:Epoch 8, client_count 10, Algo: FedADMM, data_type: IID: train_accuracy=5.6500, test_accuracy=6.3700, train_loss=0.0675, test_loss=0.2564
2025-11-24 22:56:33,889:INFO:Epoch 9, client_count 10, Algo: FedADMM, data_type: IID: train_accuracy=6.0960, test_accuracy=7.9200, train_loss=0.0667, test_loss=0.2492
2025-11-24 22:57:13,209:INFO:Epoch 10, client_count 10, Algo: FedADMM, data_type: IID: train_accuracy=6.4460, test_accuracy=8.9000, train_loss=0.0661, test_loss=0.2446
2025-11-24 22:57:52,575:INFO:Epoch 11, client_count 10, Algo: FedADMM, data_type: IID: train_accuracy=7.0380, test_accuracy=8.4800, train_loss=0.0656, test_loss=0.2460
2025-11-24 22:58:31,940:INFO:Epoch 12, client_count 10, Algo: FedADMM, data_type: IID: train_accuracy=7.4340, test_accuracy=9.2300, train_loss=0.0648, test_loss=0.2429
2025-11-24 22:59:11,400:INFO:Epoch 13, client_count 10, Algo: FedADMM, data_type: IID: train_accuracy=7.5860, test_accuracy=10.6900, train_loss=0.0646, test_loss=0.2376
2025-11-24 22:59:50,740:INFO:Epoch 14, client_count 10, Algo: FedADMM, data_type: IID: train_accuracy=7.8640, test_accuracy=10.6800, train_loss=0.0639, test_loss=0.2383
2025-11-24 23:00:30,093:INFO:Epoch 15, client_count 10, Algo: FedADMM, data_type: IID: train_accuracy=8.3800, test_accuracy=8.9700, train_loss=0.0634, test_loss=0.2416
2025-11-24 23:01:09,461:INFO:Epoch 16, client_count 10, Algo: FedADMM, data_type: IID: train_accuracy=8.5200, test_accuracy=11.4500, train_loss=0.0633, test_loss=0.2355
2025-11-24 23:01:48,934:INFO:Epoch 17, client_count 10, Algo: FedADMM, data_type: IID: train_accuracy=9.0820, test_accuracy=10.8100, train_loss=0.0627, test_loss=0.2343
2025-11-24 23:02:28,231:INFO:Epoch 18, client_count 10, Algo: FedADMM, data_type: IID: train_accuracy=9.3280, test_accuracy=9.9400, train_loss=0.0625, test_loss=0.2389
2025-11-24 23:03:07,601:INFO:Epoch 19, client_count 10, Algo: FedADMM, data_type: IID: train_accuracy=9.6020, test_accuracy=11.8900, train_loss=0.0620, test_loss=0.2325
2025-11-24 23:03:46,935:INFO:Epoch 20, client_count 10, Algo: FedADMM, data_type: IID: train_accuracy=9.8540, test_accuracy=12.1800, train_loss=0.0615, test_loss=0.2316
2025-11-24 23:04:26,382:INFO:Epoch 21, client_count 10, Algo: FedADMM, data_type: IID: train_accuracy=10.2540, test_accuracy=11.9400, train_loss=0.0612, test_loss=0.2310
2025-11-24 23:05:05,697:INFO:Epoch 22, client_count 10, Algo: FedADMM, data_type: IID: train_accuracy=10.8300, test_accuracy=13.3000, train_loss=0.0612, test_loss=0.2272
2025-11-24 23:05:45,071:INFO:Epoch 23, client_count 10, Algo: FedADMM, data_type: IID: train_accuracy=10.7800, test_accuracy=13.4600, train_loss=0.0608, test_loss=0.2292
2025-11-24 23:06:24,509:INFO:Epoch 24, client_count 10, Algo: FedADMM, data_type: IID: train_accuracy=11.2620, test_accuracy=12.8800, train_loss=0.0603, test_loss=0.2279
2025-11-24 23:07:03,925:INFO:Epoch 25, client_count 10, Algo: FedADMM, data_type: IID: train_accuracy=11.4200, test_accuracy=14.4900, train_loss=0.0602, test_loss=0.2264
2025-11-24 23:07:43,281:INFO:Epoch 26, client_count 10, Algo: FedADMM, data_type: IID: train_accuracy=11.9080, test_accuracy=14.8000, train_loss=0.0595, test_loss=0.2226
2025-11-24 23:08:22,703:INFO:Epoch 27, client_count 10, Algo: FedADMM, data_type: IID: train_accuracy=12.1660, test_accuracy=15.2400, train_loss=0.0595, test_loss=0.2225
2025-11-24 23:09:02,340:INFO:Epoch 28, client_count 10, Algo: FedADMM, data_type: IID: train_accuracy=12.4220, test_accuracy=16.5800, train_loss=0.0592, test_loss=0.2193
2025-11-24 23:09:41,704:INFO:Epoch 29, client_count 10, Algo: FedADMM, data_type: IID: train_accuracy=13.0700, test_accuracy=15.1900, train_loss=0.0586, test_loss=0.2209
2025-11-24 23:10:20,965:INFO:Epoch 30, client_count 10, Algo: FedADMM, data_type: IID: train_accuracy=13.2980, test_accuracy=17.1600, train_loss=0.0585, test_loss=0.2165
2025-11-24 23:10:20,966:INFO:=== Summary for FedADMM (IID) ===
2025-11-24 23:10:20,966:INFO:Training time: 1198.99s, Final accuracy: 17.16%, Total comm cost: 3.37e+09, Convergence epoch: None
2025-11-24 23:11:38,332:INFO:Epoch 1, client_count 10, Algo: FedRP (m=10), data_type: IID: train_accuracy=3.7640, test_accuracy=2.3200, train_loss=0.0704, test_loss=0.5120
2025-11-24 23:12:17,851:INFO:Epoch 2, client_count 10, Algo: FedRP (m=10), data_type: IID: train_accuracy=7.4260, test_accuracy=2.8000, train_loss=0.0649, test_loss=0.4221
2025-11-24 23:12:57,381:INFO:Epoch 3, client_count 10, Algo: FedRP (m=10), data_type: IID: train_accuracy=10.3160, test_accuracy=2.4600, train_loss=0.0612, test_loss=0.4110
2025-11-24 23:13:36,930:INFO:Epoch 4, client_count 10, Algo: FedRP (m=10), data_type: IID: train_accuracy=12.4040, test_accuracy=2.7700, train_loss=0.0587, test_loss=0.6169
2025-11-24 23:14:16,313:INFO:Epoch 5, client_count 10, Algo: FedRP (m=10), data_type: IID: train_accuracy=14.7980, test_accuracy=3.5400, train_loss=0.0574, test_loss=0.4429
2025-11-24 23:14:55,672:INFO:Epoch 6, client_count 10, Algo: FedRP (m=10), data_type: IID: train_accuracy=17.0180, test_accuracy=4.0700, train_loss=0.0549, test_loss=0.4035
2025-11-24 23:15:35,268:INFO:Epoch 7, client_count 10, Algo: FedRP (m=10), data_type: IID: train_accuracy=18.2220, test_accuracy=5.4900, train_loss=0.0540, test_loss=0.3529
2025-11-24 23:16:14,780:INFO:Epoch 8, client_count 10, Algo: FedRP (m=10), data_type: IID: train_accuracy=17.8440, test_accuracy=4.2900, train_loss=0.0542, test_loss=0.4530
2025-11-24 23:16:54,193:INFO:Epoch 9, client_count 10, Algo: FedRP (m=10), data_type: IID: train_accuracy=10.7920, test_accuracy=2.3700, train_loss=0.0607, test_loss=0.4616
2025-11-24 23:17:33,665:INFO:Epoch 10, client_count 10, Algo: FedRP (m=10), data_type: IID: train_accuracy=4.1700, test_accuracy=1.5000, train_loss=0.0715, test_loss=0.6467
2025-11-24 23:18:13,016:INFO:Epoch 11, client_count 10, Algo: FedRP (m=10), data_type: IID: train_accuracy=2.1200, test_accuracy=1.2500, train_loss=0.0896, test_loss=0.5673
2025-11-24 23:18:52,468:INFO:Epoch 12, client_count 10, Algo: FedRP (m=10), data_type: IID: train_accuracy=1.6120, test_accuracy=2.1600, train_loss=0.1929, test_loss=1.1612
2025-11-24 23:19:32,012:INFO:Epoch 13, client_count 10, Algo: FedRP (m=10), data_type: IID: train_accuracy=1.6840, test_accuracy=1.0900, train_loss=0.8742, test_loss=10.3963
2025-11-24 23:20:11,404:INFO:Epoch 14, client_count 10, Algo: FedRP (m=10), data_type: IID: train_accuracy=1.6040, test_accuracy=1.5500, train_loss=5.8708, test_loss=39.8760
2025-11-24 23:20:50,885:INFO:Epoch 15, client_count 10, Algo: FedRP (m=10), data_type: IID: train_accuracy=1.3080, test_accuracy=1.3000, train_loss=38.4320, test_loss=290.1579
2025-11-24 23:21:30,404:INFO:Epoch 16, client_count 10, Algo: FedRP (m=10), data_type: IID: train_accuracy=1.4460, test_accuracy=1.3100, train_loss=261.5292, test_loss=1829.8344
2025-11-24 23:22:09,782:INFO:Epoch 17, client_count 10, Algo: FedRP (m=10), data_type: IID: train_accuracy=1.5080, test_accuracy=1.9000, train_loss=1852.5736, test_loss=14254.4238
2025-11-24 23:22:49,109:INFO:Epoch 18, client_count 10, Algo: FedRP (m=10), data_type: IID: train_accuracy=1.4100, test_accuracy=1.1700, train_loss=11923.6778, test_loss=114759.3255
2025-11-24 23:23:28,726:INFO:Epoch 19, client_count 10, Algo: FedRP (m=10), data_type: IID: train_accuracy=1.5500, test_accuracy=1.0100, train_loss=93401.0231, test_loss=850561.4779
2025-11-24 23:24:08,200:INFO:Epoch 20, client_count 10, Algo: FedRP (m=10), data_type: IID: train_accuracy=1.3160, test_accuracy=1.2500, train_loss=529960.6385, test_loss=3536724.3904
2025-11-24 23:24:47,681:INFO:Epoch 21, client_count 10, Algo: FedRP (m=10), data_type: IID: train_accuracy=1.3700, test_accuracy=1.8800, train_loss=3973892.2666, test_loss=26446852.0320
2025-11-24 23:25:27,325:INFO:Epoch 22, client_count 10, Algo: FedRP (m=10), data_type: IID: train_accuracy=1.5400, test_accuracy=0.9900, train_loss=26362366.2675, test_loss=286895790.3360
2025-11-24 23:26:06,844:INFO:Epoch 23, client_count 10, Algo: FedRP (m=10), data_type: IID: train_accuracy=1.4100, test_accuracy=1.0700, train_loss=184223823.9488, test_loss=1265121228.2880
2025-11-24 23:26:46,346:INFO:Epoch 24, client_count 10, Algo: FedRP (m=10), data_type: IID: train_accuracy=1.5400, test_accuracy=1.5500, train_loss=1203224238.1619, test_loss=7860924020.3264
2025-11-24 23:27:25,960:INFO:Epoch 25, client_count 10, Algo: FedRP (m=10), data_type: IID: train_accuracy=1.4200, test_accuracy=1.2700, train_loss=8706212429.9878, test_loss=82725203214.3360
2025-11-24 23:28:05,355:INFO:Epoch 26, client_count 10, Algo: FedRP (m=10), data_type: IID: train_accuracy=1.3060, test_accuracy=1.1400, train_loss=57159109391.1552, test_loss=401932060878.4384
2025-11-24 23:28:44,690:INFO:Epoch 27, client_count 10, Algo: FedRP (m=10), data_type: IID: train_accuracy=1.5400, test_accuracy=1.8800, train_loss=387337481218.9492, test_loss=2582541542359.0400
2025-11-24 23:29:24,070:INFO:Epoch 28, client_count 10, Algo: FedRP (m=10), data_type: IID: train_accuracy=1.3780, test_accuracy=1.4100, train_loss=2794043954335.5806, test_loss=19878202557281.0742
2025-11-24 23:30:03,470:INFO:Epoch 29, client_count 10, Algo: FedRP (m=10), data_type: IID: train_accuracy=1.3240, test_accuracy=1.8800, train_loss=19028833255429.2422, test_loss=141558524947097.1875
2025-11-24 23:30:42,914:INFO:Epoch 30, client_count 10, Algo: FedRP (m=10), data_type: IID: train_accuracy=1.3820, test_accuracy=1.5600, train_loss=120783987117937.1250, test_loss=835194714915130.6250
2025-11-24 23:30:42,914:INFO:=== Summary for FedRP (m=10) (IID) ===
2025-11-24 23:30:42,914:INFO:Training time: 1184.40s, Final accuracy: 1.56%, Total comm cost: 3.00e+03, Convergence epoch: None
2025-11-24 23:32:44,223:INFO:Epoch 1, client_count 10, Algo: FedRP (m=100), data_type: IID: train_accuracy=3.5700, test_accuracy=2.0800, train_loss=0.0707, test_loss=0.4730
2025-11-24 23:33:58,586:INFO:Epoch 2, client_count 10, Algo: FedRP (m=100), data_type: IID: train_accuracy=7.3100, test_accuracy=2.3200, train_loss=0.0645, test_loss=0.3814
2025-11-24 23:35:08,793:INFO:Epoch 3, client_count 10, Algo: FedRP (m=100), data_type: IID: train_accuracy=10.0660, test_accuracy=2.6800, train_loss=0.0611, test_loss=0.6602
2025-11-24 23:36:19,035:INFO:Epoch 4, client_count 10, Algo: FedRP (m=100), data_type: IID: train_accuracy=12.5180, test_accuracy=2.3000, train_loss=0.0590, test_loss=0.4424
2025-11-24 23:37:29,340:INFO:Epoch 5, client_count 10, Algo: FedRP (m=100), data_type: IID: train_accuracy=14.7320, test_accuracy=4.6100, train_loss=0.0570, test_loss=0.4115
2025-11-24 23:38:39,868:INFO:Epoch 6, client_count 10, Algo: FedRP (m=100), data_type: IID: train_accuracy=16.4840, test_accuracy=2.8300, train_loss=0.0550, test_loss=0.5040
2025-11-24 23:39:50,210:INFO:Epoch 7, client_count 10, Algo: FedRP (m=100), data_type: IID: train_accuracy=15.6180, test_accuracy=2.3200, train_loss=0.0560, test_loss=0.6361
2025-11-24 23:41:00,399:INFO:Epoch 8, client_count 10, Algo: FedRP (m=100), data_type: IID: train_accuracy=9.7820, test_accuracy=3.7400, train_loss=0.0615, test_loss=0.4795
2025-11-24 23:42:10,311:INFO:Epoch 9, client_count 10, Algo: FedRP (m=100), data_type: IID: train_accuracy=3.8500, test_accuracy=1.8500, train_loss=0.0719, test_loss=0.4245
2025-11-24 23:43:20,480:INFO:Epoch 10, client_count 10, Algo: FedRP (m=100), data_type: IID: train_accuracy=2.2380, test_accuracy=1.9300, train_loss=0.0905, test_loss=0.6393
2025-11-24 23:44:30,340:INFO:Epoch 11, client_count 10, Algo: FedRP (m=100), data_type: IID: train_accuracy=1.7260, test_accuracy=1.5200, train_loss=0.1875, test_loss=1.3237
2025-11-24 23:45:40,470:INFO:Epoch 12, client_count 10, Algo: FedRP (m=100), data_type: IID: train_accuracy=1.6260, test_accuracy=1.2500, train_loss=0.9658, test_loss=10.3828
2025-11-24 23:46:54,428:INFO:Epoch 13, client_count 10, Algo: FedRP (m=100), data_type: IID: train_accuracy=1.4440, test_accuracy=1.3900, train_loss=6.2967, test_loss=43.5853
2025-11-24 23:48:04,378:INFO:Epoch 14, client_count 10, Algo: FedRP (m=100), data_type: IID: train_accuracy=1.1580, test_accuracy=1.9400, train_loss=42.7696, test_loss=438.8828
2025-11-24 23:49:14,460:INFO:Epoch 15, client_count 10, Algo: FedRP (m=100), data_type: IID: train_accuracy=1.3300, test_accuracy=1.4300, train_loss=274.9691, test_loss=1949.4204
2025-11-24 23:50:24,677:INFO:Epoch 16, client_count 10, Algo: FedRP (m=100), data_type: IID: train_accuracy=1.2720, test_accuracy=1.6800, train_loss=1989.3824, test_loss=13848.9510
2025-11-24 23:51:35,013:INFO:Epoch 17, client_count 10, Algo: FedRP (m=100), data_type: IID: train_accuracy=1.4800, test_accuracy=1.7600, train_loss=14507.8989, test_loss=101533.6650
2025-11-24 23:52:44,897:INFO:Epoch 18, client_count 10, Algo: FedRP (m=100), data_type: IID: train_accuracy=1.3880, test_accuracy=1.0500, train_loss=82434.0333, test_loss=778769.8788
2025-11-24 23:53:54,785:INFO:Epoch 19, client_count 10, Algo: FedRP (m=100), data_type: IID: train_accuracy=1.6120, test_accuracy=1.3600, train_loss=599536.1574, test_loss=4012861.6776
2025-11-24 23:55:05,050:INFO:Epoch 20, client_count 10, Algo: FedRP (m=100), data_type: IID: train_accuracy=1.7860, test_accuracy=2.0200, train_loss=4374219.1231, test_loss=30014123.0592
2025-11-24 23:56:15,201:INFO:Epoch 21, client_count 10, Algo: FedRP (m=100), data_type: IID: train_accuracy=1.5640, test_accuracy=1.8400, train_loss=29390266.5037, test_loss=198598116.7616
2025-11-24 23:57:25,580:INFO:Epoch 22, client_count 10, Algo: FedRP (m=100), data_type: IID: train_accuracy=1.3900, test_accuracy=1.3300, train_loss=203470686.1875, test_loss=1302704181.8624
2025-11-24 23:58:35,879:INFO:Epoch 23, client_count 10, Algo: FedRP (m=100), data_type: IID: train_accuracy=1.4800, test_accuracy=1.9600, train_loss=1422486733.6192, test_loss=10007184459.3664
2025-11-24 23:59:45,934:INFO:Epoch 24, client_count 10, Algo: FedRP (m=100), data_type: IID: train_accuracy=1.4760, test_accuracy=1.3300, train_loss=9723569118.9043, test_loss=64436441546.7520
2025-11-25 00:00:56,177:INFO:Epoch 25, client_count 10, Algo: FedRP (m=100), data_type: IID: train_accuracy=1.4320, test_accuracy=1.1300, train_loss=68144018866.8314, test_loss=623456746890.8544
2025-11-25 00:02:06,356:INFO:Epoch 26, client_count 10, Algo: FedRP (m=100), data_type: IID: train_accuracy=1.3860, test_accuracy=2.1600, train_loss=418461967701.7703, test_loss=3312995974040.7808
2025-11-25 00:03:16,482:INFO:Epoch 27, client_count 10, Algo: FedRP (m=100), data_type: IID: train_accuracy=1.1940, test_accuracy=1.8100, train_loss=2880968914622.2183, test_loss=20997401558489.4961
2025-11-25 00:04:26,559:INFO:Epoch 28, client_count 10, Algo: FedRP (m=100), data_type: IID: train_accuracy=1.4480, test_accuracy=1.1500, train_loss=20715946889927.7227, test_loss=200214165029755.2812
2025-11-25 00:05:36,815:INFO:Epoch 29, client_count 10, Algo: FedRP (m=100), data_type: IID: train_accuracy=1.4480, test_accuracy=1.1000, train_loss=140592809520440.2969, test_loss=1569082021665099.0000
2025-11-25 00:06:46,853:INFO:Epoch 30, client_count 10, Algo: FedRP (m=100), data_type: IID: train_accuracy=1.3820, test_accuracy=0.9800, train_loss=991411112504406.7500, test_loss=8745351280422656.0000
2025-11-25 00:06:46,862:INFO:=== Summary for FedRP (m=100) (IID) ===
2025-11-25 00:06:46,862:INFO:Training time: 2123.69s, Final accuracy: 0.98%, Total comm cost: 3.00e+04, Convergence epoch: None

2025-11-25 10:05:22,979:INFO:Epoch 1, client_count 10, Algo: FedAvg, data_type: IID: train_accuracy=3.4800, test_accuracy=1.9700, train_loss=0.0708, test_loss=0.2829
2025-11-25 10:06:05,257:INFO:Epoch 2, client_count 10, Algo: FedAvg, data_type: IID: train_accuracy=6.0460, test_accuracy=9.6600, train_loss=0.0654, test_loss=0.2421
2025-11-25 10:06:48,034:INFO:Epoch 3, client_count 10, Algo: FedAvg, data_type: IID: train_accuracy=9.1260, test_accuracy=11.7200, train_loss=0.0615, test_loss=0.2349
2025-11-25 10:07:29,898:INFO:Epoch 4, client_count 10, Algo: FedAvg, data_type: IID: train_accuracy=11.9680, test_accuracy=15.0100, train_loss=0.0585, test_loss=0.2195
2025-11-25 10:08:07,672:INFO:Epoch 5, client_count 10, Algo: FedAvg, data_type: IID: train_accuracy=14.8760, test_accuracy=20.5200, train_loss=0.0559, test_loss=0.2042
2025-11-25 10:08:44,597:INFO:Epoch 6, client_count 10, Algo: FedAvg, data_type: IID: train_accuracy=17.3780, test_accuracy=19.0800, train_loss=0.0535, test_loss=0.2066
2025-11-25 10:09:21,285:INFO:Epoch 7, client_count 10, Algo: FedAvg, data_type: IID: train_accuracy=19.6740, test_accuracy=23.1000, train_loss=0.0516, test_loss=0.1961
2025-11-25 10:09:58,226:INFO:Epoch 8, client_count 10, Algo: FedAvg, data_type: IID: train_accuracy=21.5280, test_accuracy=24.5200, train_loss=0.0496, test_loss=0.1901
2025-11-25 10:10:35,114:INFO:Epoch 9, client_count 10, Algo: FedAvg, data_type: IID: train_accuracy=23.6140, test_accuracy=27.9900, train_loss=0.0480, test_loss=0.1799
2025-11-25 10:11:11,986:INFO:Epoch 10, client_count 10, Algo: FedAvg, data_type: IID: train_accuracy=25.8980, test_accuracy=29.2000, train_loss=0.0462, test_loss=0.1760
2025-11-25 10:11:48,878:INFO:Epoch 11, client_count 10, Algo: FedAvg, data_type: IID: train_accuracy=27.8600, test_accuracy=30.0900, train_loss=0.0445, test_loss=0.1746
2025-11-25 10:12:26,087:INFO:Epoch 12, client_count 10, Algo: FedAvg, data_type: IID: train_accuracy=29.7180, test_accuracy=31.8900, train_loss=0.0429, test_loss=0.1687
2025-11-25 10:13:03,070:INFO:Epoch 13, client_count 10, Algo: FedAvg, data_type: IID: train_accuracy=31.9000, test_accuracy=32.2700, train_loss=0.0413, test_loss=0.1653
2025-11-25 10:13:40,260:INFO:Epoch 14, client_count 10, Algo: FedAvg, data_type: IID: train_accuracy=33.8440, test_accuracy=33.5300, train_loss=0.0399, test_loss=0.1607
2025-11-25 10:14:17,923:INFO:Epoch 15, client_count 10, Algo: FedAvg, data_type: IID: train_accuracy=36.1280, test_accuracy=34.4900, train_loss=0.0384, test_loss=0.1594
2025-11-25 10:14:55,720:INFO:Epoch 16, client_count 10, Algo: FedAvg, data_type: IID: train_accuracy=37.8940, test_accuracy=35.6900, train_loss=0.0369, test_loss=0.1536
2025-11-25 10:15:33,332:INFO:Epoch 17, client_count 10, Algo: FedAvg, data_type: IID: train_accuracy=39.6660, test_accuracy=37.9100, train_loss=0.0355, test_loss=0.1494
2025-11-25 10:16:10,931:INFO:Epoch 18, client_count 10, Algo: FedAvg, data_type: IID: train_accuracy=41.7580, test_accuracy=39.4600, train_loss=0.0342, test_loss=0.1455
2025-11-25 10:16:48,654:INFO:Epoch 19, client_count 10, Algo: FedAvg, data_type: IID: train_accuracy=43.6720, test_accuracy=38.7600, train_loss=0.0330, test_loss=0.1458
2025-11-25 10:17:26,132:INFO:Epoch 20, client_count 10, Algo: FedAvg, data_type: IID: train_accuracy=45.6060, test_accuracy=38.5200, train_loss=0.0316, test_loss=0.1497
2025-11-25 10:18:03,038:INFO:Epoch 21, client_count 10, Algo: FedAvg, data_type: IID: train_accuracy=47.3560, test_accuracy=40.5200, train_loss=0.0301, test_loss=0.1462
2025-11-25 10:18:39,889:INFO:Epoch 22, client_count 10, Algo: FedAvg, data_type: IID: train_accuracy=49.6420, test_accuracy=40.7000, train_loss=0.0289, test_loss=0.1423
2025-11-25 10:19:16,569:INFO:Epoch 23, client_count 10, Algo: FedAvg, data_type: IID: train_accuracy=51.5460, test_accuracy=43.1900, train_loss=0.0277, test_loss=0.1345
2025-11-25 10:19:53,583:INFO:Epoch 24, client_count 10, Algo: FedAvg, data_type: IID: train_accuracy=53.5400, test_accuracy=42.1400, train_loss=0.0265, test_loss=0.1400
2025-11-25 10:20:30,410:INFO:Epoch 25, client_count 10, Algo: FedAvg, data_type: IID: train_accuracy=55.3420, test_accuracy=41.8300, train_loss=0.0253, test_loss=0.1451
2025-11-25 10:21:07,459:INFO:Epoch 26, client_count 10, Algo: FedAvg, data_type: IID: train_accuracy=57.5400, test_accuracy=43.9000, train_loss=0.0240, test_loss=0.1352
2025-11-25 10:21:44,452:INFO:Epoch 27, client_count 10, Algo: FedAvg, data_type: IID: train_accuracy=59.6560, test_accuracy=44.9200, train_loss=0.0227, test_loss=0.1324
2025-11-25 10:22:21,341:INFO:Epoch 28, client_count 10, Algo: FedAvg, data_type: IID: train_accuracy=61.6400, test_accuracy=42.7300, train_loss=0.0216, test_loss=0.1430
2025-11-25 10:22:58,237:INFO:Epoch 29, client_count 10, Algo: FedAvg, data_type: IID: train_accuracy=63.3840, test_accuracy=41.0400, train_loss=0.0204, test_loss=0.1538
2025-11-25 10:23:35,183:INFO:Epoch 30, client_count 10, Algo: FedAvg, data_type: IID: train_accuracy=65.5480, test_accuracy=43.5100, train_loss=0.0192, test_loss=0.1427
2025-11-25 10:23:35,184:INFO:=== Summary for FedAvg (IID) ===
2025-11-25 10:23:35,184:INFO:Training time: 1134.38s, Final accuracy: 43.51%, Total comm cost: 3.37e+09, Convergence epoch: 11
2025-11-25 10:25:01,121:INFO:Epoch 1, client_count 10, Algo: FedAvgDP, data_type: IID: train_accuracy=3.5700, test_accuracy=1.0000, train_loss=0.0708, test_loss=0.2904
2025-11-25 10:25:38,207:INFO:Epoch 2, client_count 10, Algo: FedAvgDP, data_type: IID: train_accuracy=6.5200, test_accuracy=9.7900, train_loss=0.0646, test_loss=0.2418
2025-11-25 10:26:15,143:INFO:Epoch 3, client_count 10, Algo: FedAvgDP, data_type: IID: train_accuracy=9.5640, test_accuracy=14.4000, train_loss=0.0606, test_loss=0.2253
2025-11-25 10:26:52,087:INFO:Epoch 4, client_count 10, Algo: FedAvgDP, data_type: IID: train_accuracy=12.3620, test_accuracy=17.3400, train_loss=0.0579, test_loss=0.2146
2025-11-25 10:27:29,028:INFO:Epoch 5, client_count 10, Algo: FedAvgDP, data_type: IID: train_accuracy=15.0900, test_accuracy=19.2100, train_loss=0.0554, test_loss=0.2087
2025-11-25 10:28:06,059:INFO:Epoch 6, client_count 10, Algo: FedAvgDP, data_type: IID: train_accuracy=17.5520, test_accuracy=21.4900, train_loss=0.0531, test_loss=0.1991
2025-11-25 10:28:43,051:INFO:Epoch 7, client_count 10, Algo: FedAvgDP, data_type: IID: train_accuracy=19.9500, test_accuracy=23.2300, train_loss=0.0511, test_loss=0.1913
2025-11-25 10:29:19,961:INFO:Epoch 8, client_count 10, Algo: FedAvgDP, data_type: IID: train_accuracy=22.0240, test_accuracy=24.8200, train_loss=0.0491, test_loss=0.1875
2025-11-25 10:29:56,888:INFO:Epoch 9, client_count 10, Algo: FedAvgDP, data_type: IID: train_accuracy=24.6160, test_accuracy=26.0600, train_loss=0.0473, test_loss=0.1849
2025-11-25 10:30:33,828:INFO:Epoch 10, client_count 10, Algo: FedAvgDP, data_type: IID: train_accuracy=26.7840, test_accuracy=28.9600, train_loss=0.0453, test_loss=0.1756
2025-11-25 10:31:10,742:INFO:Epoch 11, client_count 10, Algo: FedAvgDP, data_type: IID: train_accuracy=28.9700, test_accuracy=31.5800, train_loss=0.0436, test_loss=0.1661
2025-11-25 10:31:47,666:INFO:Epoch 12, client_count 10, Algo: FedAvgDP, data_type: IID: train_accuracy=30.9860, test_accuracy=33.4700, train_loss=0.0419, test_loss=0.1617
2025-11-25 10:32:24,685:INFO:Epoch 13, client_count 10, Algo: FedAvgDP, data_type: IID: train_accuracy=33.0860, test_accuracy=32.7600, train_loss=0.0402, test_loss=0.1634
2025-11-25 10:33:01,587:INFO:Epoch 14, client_count 10, Algo: FedAvgDP, data_type: IID: train_accuracy=35.2280, test_accuracy=35.6300, train_loss=0.0387, test_loss=0.1547
2025-11-25 10:33:38,634:INFO:Epoch 15, client_count 10, Algo: FedAvgDP, data_type: IID: train_accuracy=37.5660, test_accuracy=38.0200, train_loss=0.0371, test_loss=0.1468
2025-11-25 10:34:15,509:INFO:Epoch 16, client_count 10, Algo: FedAvgDP, data_type: IID: train_accuracy=39.3580, test_accuracy=37.9200, train_loss=0.0357, test_loss=0.1478
2025-11-25 10:34:52,531:INFO:Epoch 17, client_count 10, Algo: FedAvgDP, data_type: IID: train_accuracy=41.5280, test_accuracy=34.8500, train_loss=0.0344, test_loss=0.1559
2025-11-25 10:35:29,416:INFO:Epoch 18, client_count 10, Algo: FedAvgDP, data_type: IID: train_accuracy=43.2360, test_accuracy=39.8500, train_loss=0.0330, test_loss=0.1410
2025-11-25 10:36:06,368:INFO:Epoch 19, client_count 10, Algo: FedAvgDP, data_type: IID: train_accuracy=45.0320, test_accuracy=42.8800, train_loss=0.0318, test_loss=0.1346
2025-11-25 10:36:43,255:INFO:Epoch 20, client_count 10, Algo: FedAvgDP, data_type: IID: train_accuracy=46.8620, test_accuracy=40.9000, train_loss=0.0307, test_loss=0.1370
2025-11-25 10:37:20,133:INFO:Epoch 21, client_count 10, Algo: FedAvgDP, data_type: IID: train_accuracy=48.6860, test_accuracy=41.7400, train_loss=0.0296, test_loss=0.1349
2025-11-25 10:37:57,020:INFO:Epoch 22, client_count 10, Algo: FedAvgDP, data_type: IID: train_accuracy=50.3000, test_accuracy=42.9600, train_loss=0.0286, test_loss=0.1320
2025-11-25 10:38:34,088:INFO:Epoch 23, client_count 10, Algo: FedAvgDP, data_type: IID: train_accuracy=51.8260, test_accuracy=44.8500, train_loss=0.0276, test_loss=0.1274
2025-11-25 10:39:11,131:INFO:Epoch 24, client_count 10, Algo: FedAvgDP, data_type: IID: train_accuracy=53.4180, test_accuracy=42.5800, train_loss=0.0266, test_loss=0.1367
2025-11-25 10:39:48,265:INFO:Epoch 25, client_count 10, Algo: FedAvgDP, data_type: IID: train_accuracy=55.2140, test_accuracy=43.7800, train_loss=0.0257, test_loss=0.1312
2025-11-25 10:40:25,330:INFO:Epoch 26, client_count 10, Algo: FedAvgDP, data_type: IID: train_accuracy=56.5980, test_accuracy=46.1300, train_loss=0.0247, test_loss=0.1248
2025-11-25 10:41:02,477:INFO:Epoch 27, client_count 10, Algo: FedAvgDP, data_type: IID: train_accuracy=58.5720, test_accuracy=47.6300, train_loss=0.0237, test_loss=0.1207
2025-11-25 10:41:39,502:INFO:Epoch 28, client_count 10, Algo: FedAvgDP, data_type: IID: train_accuracy=59.7140, test_accuracy=46.0700, train_loss=0.0229, test_loss=0.1269
2025-11-25 10:42:16,496:INFO:Epoch 29, client_count 10, Algo: FedAvgDP, data_type: IID: train_accuracy=61.1680, test_accuracy=46.3100, train_loss=0.0220, test_loss=0.1261
2025-11-25 10:42:53,421:INFO:Epoch 30, client_count 10, Algo: FedAvgDP, data_type: IID: train_accuracy=62.9140, test_accuracy=47.0800, train_loss=0.0211, test_loss=0.1209
2025-11-25 10:42:53,422:INFO:=== Summary for FedAvgDP (IID) ===
2025-11-25 10:42:53,423:INFO:Training time: 1109.32s, Final accuracy: 47.08%, Total comm cost: 3.37e+09, Convergence epoch: 11
2025-11-25 10:44:24,476:INFO:Epoch 1, client_count 10, Algo: FedADMM, data_type: IID: train_accuracy=3.6240, test_accuracy=1.0000, train_loss=0.0707, test_loss=0.2890
2025-11-25 10:45:06,037:INFO:Epoch 2, client_count 10, Algo: FedADMM, data_type: IID: train_accuracy=7.7780, test_accuracy=1.0000, train_loss=0.0637, test_loss=0.2901
2025-11-25 10:45:47,579:INFO:Epoch 3, client_count 10, Algo: FedADMM, data_type: IID: train_accuracy=11.5520, test_accuracy=1.0000, train_loss=0.0593, test_loss=0.2905
2025-11-25 10:46:29,058:INFO:Epoch 4, client_count 10, Algo: FedADMM, data_type: IID: train_accuracy=15.7500, test_accuracy=1.0000, train_loss=0.0552, test_loss=0.2909
2025-11-25 10:47:10,496:INFO:Epoch 5, client_count 10, Algo: FedADMM, data_type: IID: train_accuracy=19.8300, test_accuracy=1.0000, train_loss=0.0516, test_loss=0.2910
2025-11-25 10:47:51,956:INFO:Epoch 6, client_count 10, Algo: FedADMM, data_type: IID: train_accuracy=24.0120, test_accuracy=1.0000, train_loss=0.0477, test_loss=0.2910
2025-11-25 10:48:33,494:INFO:Epoch 7, client_count 10, Algo: FedADMM, data_type: IID: train_accuracy=28.8300, test_accuracy=1.0000, train_loss=0.0441, test_loss=0.2907
2025-11-25 10:49:14,903:INFO:Epoch 8, client_count 10, Algo: FedADMM, data_type: IID: train_accuracy=34.4240, test_accuracy=1.0000, train_loss=0.0400, test_loss=0.2905
2025-11-25 10:49:56,292:INFO:Epoch 9, client_count 10, Algo: FedADMM, data_type: IID: train_accuracy=40.8020, test_accuracy=1.0000, train_loss=0.0357, test_loss=0.2900
2025-11-25 10:50:37,868:INFO:Epoch 10, client_count 10, Algo: FedADMM, data_type: IID: train_accuracy=47.2860, test_accuracy=1.0000, train_loss=0.0314, test_loss=0.2901
2025-11-25 10:51:20,257:INFO:Epoch 11, client_count 10, Algo: FedADMM, data_type: IID: train_accuracy=55.1080, test_accuracy=1.0000, train_loss=0.0267, test_loss=0.2898
2025-11-25 10:52:02,718:INFO:Epoch 12, client_count 10, Algo: FedADMM, data_type: IID: train_accuracy=63.3980, test_accuracy=1.0000, train_loss=0.0220, test_loss=0.2896
2025-11-25 10:52:44,234:INFO:Epoch 13, client_count 10, Algo: FedADMM, data_type: IID: train_accuracy=71.9460, test_accuracy=1.0000, train_loss=0.0173, test_loss=0.2897
2025-11-25 10:53:25,731:INFO:Epoch 14, client_count 10, Algo: FedADMM, data_type: IID: train_accuracy=78.0940, test_accuracy=1.0000, train_loss=0.0140, test_loss=0.2895
2025-11-25 10:54:07,376:INFO:Epoch 15, client_count 10, Algo: FedADMM, data_type: IID: train_accuracy=85.1920, test_accuracy=1.0000, train_loss=0.0099, test_loss=0.2896
2025-11-25 10:54:50,348:INFO:Epoch 16, client_count 10, Algo: FedADMM, data_type: IID: train_accuracy=90.4420, test_accuracy=1.0000, train_loss=0.0070, test_loss=0.2899
2025-11-25 10:55:32,040:INFO:Epoch 17, client_count 10, Algo: FedADMM, data_type: IID: train_accuracy=94.4220, test_accuracy=1.0000, train_loss=0.0046, test_loss=0.2902
2025-11-25 10:56:13,699:INFO:Epoch 18, client_count 10, Algo: FedADMM, data_type: IID: train_accuracy=94.2840, test_accuracy=1.0000, train_loss=0.0046, test_loss=0.2900
2025-11-25 10:56:55,410:INFO:Epoch 19, client_count 10, Algo: FedADMM, data_type: IID: train_accuracy=97.1000, test_accuracy=1.0000, train_loss=0.0027, test_loss=0.2898
2025-11-25 10:57:37,104:INFO:Epoch 20, client_count 10, Algo: FedADMM, data_type: IID: train_accuracy=97.2020, test_accuracy=1.0000, train_loss=0.0025, test_loss=0.2898
2025-11-25 10:58:18,703:INFO:Epoch 21, client_count 10, Algo: FedADMM, data_type: IID: train_accuracy=98.4480, test_accuracy=1.0000, train_loss=0.0017, test_loss=0.2899
2025-11-25 10:59:00,183:INFO:Epoch 22, client_count 10, Algo: FedADMM, data_type: IID: train_accuracy=99.0520, test_accuracy=1.0000, train_loss=0.0012, test_loss=0.2899
2025-11-25 10:59:41,914:INFO:Epoch 23, client_count 10, Algo: FedADMM, data_type: IID: train_accuracy=99.1820, test_accuracy=1.0000, train_loss=0.0011, test_loss=0.2900
2025-11-25 11:00:23,179:INFO:Epoch 24, client_count 10, Algo: FedADMM, data_type: IID: train_accuracy=99.0160, test_accuracy=1.0000, train_loss=0.0011, test_loss=0.2899
2025-11-25 11:01:04,640:INFO:Epoch 25, client_count 10, Algo: FedADMM, data_type: IID: train_accuracy=99.4640, test_accuracy=1.0000, train_loss=0.0007, test_loss=0.2900
2025-11-25 11:01:46,157:INFO:Epoch 26, client_count 10, Algo: FedADMM, data_type: IID: train_accuracy=99.1160, test_accuracy=0.9100, train_loss=0.0010, test_loss=0.2900
2025-11-25 11:02:27,212:INFO:Epoch 27, client_count 10, Algo: FedADMM, data_type: IID: train_accuracy=97.9260, test_accuracy=1.0000, train_loss=0.0018, test_loss=0.2901
2025-11-25 11:03:08,321:INFO:Epoch 28, client_count 10, Algo: FedADMM, data_type: IID: train_accuracy=98.8620, test_accuracy=1.0000, train_loss=0.0012, test_loss=0.2902
2025-11-25 11:03:49,482:INFO:Epoch 29, client_count 10, Algo: FedADMM, data_type: IID: train_accuracy=99.1500, test_accuracy=1.0000, train_loss=0.0010, test_loss=0.2900
2025-11-25 11:04:30,580:INFO:Epoch 30, client_count 10, Algo: FedADMM, data_type: IID: train_accuracy=98.3320, test_accuracy=1.0000, train_loss=0.0015, test_loss=0.2900
2025-11-25 11:04:30,580:INFO:=== Summary for FedADMM (IID) ===
2025-11-25 11:04:30,581:INFO:Training time: 1247.69s, Final accuracy: 1.00%, Total comm cost: 3.37e+09, Convergence epoch: None
2025-11-25 11:05:59,346:INFO:Epoch 1, client_count 10, Algo: FedRP (m=10), data_type: IID: train_accuracy=3.3860, test_accuracy=1.5600, train_loss=0.0709, test_loss=0.4939
2025-11-25 11:06:40,309:INFO:Epoch 2, client_count 10, Algo: FedRP (m=10), data_type: IID: train_accuracy=6.7640, test_accuracy=2.9300, train_loss=0.0657, test_loss=0.4867
2025-11-25 11:07:21,353:INFO:Epoch 3, client_count 10, Algo: FedRP (m=10), data_type: IID: train_accuracy=9.6220, test_accuracy=2.4500, train_loss=0.0616, test_loss=0.4825
2025-11-25 11:08:02,277:INFO:Epoch 4, client_count 10, Algo: FedRP (m=10), data_type: IID: train_accuracy=12.4280, test_accuracy=2.4700, train_loss=0.0593, test_loss=0.4893
2025-11-25 11:08:43,297:INFO:Epoch 5, client_count 10, Algo: FedRP (m=10), data_type: IID: train_accuracy=14.7420, test_accuracy=1.7100, train_loss=0.0571, test_loss=0.7876
2025-11-25 11:09:24,438:INFO:Epoch 6, client_count 10, Algo: FedRP (m=10), data_type: IID: train_accuracy=16.4380, test_accuracy=3.7800, train_loss=0.0552, test_loss=0.7199
2025-11-25 11:10:05,634:INFO:Epoch 7, client_count 10, Algo: FedRP (m=10), data_type: IID: train_accuracy=18.5200, test_accuracy=2.8800, train_loss=0.0535, test_loss=0.4791
2025-11-25 11:10:46,985:INFO:Epoch 8, client_count 10, Algo: FedRP (m=10), data_type: IID: train_accuracy=19.9820, test_accuracy=4.7700, train_loss=0.0523, test_loss=0.4169
2025-11-25 11:11:28,333:INFO:Epoch 9, client_count 10, Algo: FedRP (m=10), data_type: IID: train_accuracy=21.7980, test_accuracy=3.9000, train_loss=0.0514, test_loss=0.5258
2025-11-25 11:12:09,326:INFO:Epoch 10, client_count 10, Algo: FedRP (m=10), data_type: IID: train_accuracy=22.9860, test_accuracy=7.3300, train_loss=0.0511, test_loss=0.3770
2025-11-25 11:12:50,628:INFO:Epoch 11, client_count 10, Algo: FedRP (m=10), data_type: IID: train_accuracy=24.7980, test_accuracy=4.6500, train_loss=0.0500, test_loss=0.6057
2025-11-25 11:13:31,862:INFO:Epoch 12, client_count 10, Algo: FedRP (m=10), data_type: IID: train_accuracy=25.2640, test_accuracy=5.9600, train_loss=0.0504, test_loss=0.6261
2025-11-25 11:14:12,894:INFO:Epoch 13, client_count 10, Algo: FedRP (m=10), data_type: IID: train_accuracy=26.6400, test_accuracy=4.9800, train_loss=0.0500, test_loss=0.5330
2025-11-25 11:14:54,044:INFO:Epoch 14, client_count 10, Algo: FedRP (m=10), data_type: IID: train_accuracy=27.2940, test_accuracy=3.4000, train_loss=0.0500, test_loss=0.7236
2025-11-25 11:15:35,199:INFO:Epoch 15, client_count 10, Algo: FedRP (m=10), data_type: IID: train_accuracy=27.5280, test_accuracy=12.3700, train_loss=0.0510, test_loss=0.3675
2025-11-25 11:16:16,275:INFO:Epoch 16, client_count 10, Algo: FedRP (m=10), data_type: IID: train_accuracy=29.2620, test_accuracy=5.0900, train_loss=0.0497, test_loss=0.5471
2025-11-25 11:16:57,248:INFO:Epoch 17, client_count 10, Algo: FedRP (m=10), data_type: IID: train_accuracy=29.2100, test_accuracy=6.3200, train_loss=0.0504, test_loss=0.6155
2025-11-25 11:17:38,129:INFO:Epoch 18, client_count 10, Algo: FedRP (m=10), data_type: IID: train_accuracy=29.3980, test_accuracy=16.3600, train_loss=0.0506, test_loss=0.3388
2025-11-25 11:18:19,064:INFO:Epoch 19, client_count 10, Algo: FedRP (m=10), data_type: IID: train_accuracy=30.7080, test_accuracy=7.6500, train_loss=0.0499, test_loss=0.5688
2025-11-25 11:19:00,060:INFO:Epoch 20, client_count 10, Algo: FedRP (m=10), data_type: IID: train_accuracy=29.2400, test_accuracy=11.5000, train_loss=0.0517, test_loss=0.4485
2025-11-25 11:19:41,102:INFO:Epoch 21, client_count 10, Algo: FedRP (m=10), data_type: IID: train_accuracy=30.1540, test_accuracy=23.5000, train_loss=0.0506, test_loss=0.2438
2025-11-25 11:20:22,050:INFO:Epoch 22, client_count 10, Algo: FedRP (m=10), data_type: IID: train_accuracy=30.4380, test_accuracy=17.6000, train_loss=0.0504, test_loss=0.3066
2025-11-25 11:21:03,036:INFO:Epoch 23, client_count 10, Algo: FedRP (m=10), data_type: IID: train_accuracy=30.0340, test_accuracy=24.8600, train_loss=0.0510, test_loss=0.2395
2025-11-25 11:21:44,198:INFO:Epoch 24, client_count 10, Algo: FedRP (m=10), data_type: IID: train_accuracy=30.0800, test_accuracy=25.3900, train_loss=0.0509, test_loss=0.2395
2025-11-25 11:22:25,304:INFO:Epoch 25, client_count 10, Algo: FedRP (m=10), data_type: IID: train_accuracy=30.5940, test_accuracy=23.7000, train_loss=0.0510, test_loss=0.2496
2025-11-25 11:23:06,248:INFO:Epoch 26, client_count 10, Algo: FedRP (m=10), data_type: IID: train_accuracy=30.0500, test_accuracy=25.3400, train_loss=0.0513, test_loss=0.2378
2025-11-25 11:23:47,209:INFO:Epoch 27, client_count 10, Algo: FedRP (m=10), data_type: IID: train_accuracy=30.0740, test_accuracy=25.3400, train_loss=0.0512, test_loss=0.2403
2025-11-25 11:24:28,302:INFO:Epoch 28, client_count 10, Algo: FedRP (m=10), data_type: IID: train_accuracy=30.0160, test_accuracy=25.1000, train_loss=0.0515, test_loss=0.2426
2025-11-25 11:25:09,303:INFO:Epoch 29, client_count 10, Algo: FedRP (m=10), data_type: IID: train_accuracy=29.8900, test_accuracy=24.4500, train_loss=0.0516, test_loss=0.2474
2025-11-25 11:25:50,650:INFO:Epoch 30, client_count 10, Algo: FedRP (m=10), data_type: IID: train_accuracy=30.0860, test_accuracy=22.8300, train_loss=0.0516, test_loss=0.2600
2025-11-25 11:25:50,651:INFO:=== Summary for FedRP (m=10) (IID) ===
2025-11-25 11:25:50,651:INFO:Training time: 1233.07s, Final accuracy: 22.83%, Total comm cost: 3.00e+03, Convergence epoch: None

2025-11-25 12:47:43,236:INFO:Epoch 1, client_count 10, Algo: FedRP (m=100), data_type: IID: train_accuracy=3.6760, test_accuracy=2.8400, train_loss=0.0705, test_loss=0.4184
2025-11-25 12:48:58,889:INFO:Epoch 2, client_count 10, Algo: FedRP (m=100), data_type: IID: train_accuracy=7.3540, test_accuracy=3.1500, train_loss=0.0643, test_loss=0.4411
2025-11-25 12:50:17,614:INFO:Epoch 3, client_count 10, Algo: FedRP (m=100), data_type: IID: train_accuracy=10.3660, test_accuracy=3.3100, train_loss=0.0612, test_loss=0.4222
2025-11-25 12:51:37,176:INFO:Epoch 4, client_count 10, Algo: FedRP (m=100), data_type: IID: train_accuracy=12.8000, test_accuracy=4.1800, train_loss=0.0584, test_loss=0.4064
2025-11-25 12:52:53,442:INFO:Epoch 5, client_count 10, Algo: FedRP (m=100), data_type: IID: train_accuracy=15.3080, test_accuracy=2.4900, train_loss=0.0563, test_loss=0.5840
2025-11-25 12:54:06,861:INFO:Epoch 6, client_count 10, Algo: FedRP (m=100), data_type: IID: train_accuracy=17.3520, test_accuracy=4.3500, train_loss=0.0546, test_loss=0.4337
2025-11-25 12:55:20,677:INFO:Epoch 7, client_count 10, Algo: FedRP (m=100), data_type: IID: train_accuracy=19.7040, test_accuracy=4.4700, train_loss=0.0529, test_loss=0.4014
2025-11-25 12:56:35,548:INFO:Epoch 8, client_count 10, Algo: FedRP (m=100), data_type: IID: train_accuracy=21.5660, test_accuracy=2.3000, train_loss=0.0516, test_loss=0.6509
2025-11-25 12:57:49,551:INFO:Epoch 9, client_count 10, Algo: FedRP (m=100), data_type: IID: train_accuracy=22.8380, test_accuracy=2.3600, train_loss=0.0511, test_loss=0.6792
2025-11-25 12:59:02,608:INFO:Epoch 10, client_count 10, Algo: FedRP (m=100), data_type: IID: train_accuracy=23.9880, test_accuracy=9.9800, train_loss=0.0505, test_loss=0.3371
2025-11-25 13:00:15,879:INFO:Epoch 11, client_count 10, Algo: FedRP (m=100), data_type: IID: train_accuracy=25.7720, test_accuracy=3.7500, train_loss=0.0495, test_loss=0.6309
2025-11-25 13:01:29,059:INFO:Epoch 12, client_count 10, Algo: FedRP (m=100), data_type: IID: train_accuracy=25.6360, test_accuracy=8.4900, train_loss=0.0502, test_loss=0.4766
2025-11-25 13:02:43,039:INFO:Epoch 13, client_count 10, Algo: FedRP (m=100), data_type: IID: train_accuracy=27.6820, test_accuracy=9.0700, train_loss=0.0500, test_loss=0.4692
2025-11-25 13:03:56,255:INFO:Epoch 14, client_count 10, Algo: FedRP (m=100), data_type: IID: train_accuracy=28.5340, test_accuracy=5.7000, train_loss=0.0497, test_loss=0.7077
2025-11-25 13:05:09,921:INFO:Epoch 15, client_count 10, Algo: FedRP (m=100), data_type: IID: train_accuracy=28.7680, test_accuracy=3.6500, train_loss=0.0503, test_loss=0.6715
2025-11-25 13:06:23,034:INFO:Epoch 16, client_count 10, Algo: FedRP (m=100), data_type: IID: train_accuracy=28.3960, test_accuracy=11.6900, train_loss=0.0509, test_loss=0.3656
2025-11-25 13:07:36,622:INFO:Epoch 17, client_count 10, Algo: FedRP (m=100), data_type: IID: train_accuracy=30.2980, test_accuracy=6.2800, train_loss=0.0498, test_loss=0.7152
2025-11-25 13:08:50,466:INFO:Epoch 18, client_count 10, Algo: FedRP (m=100), data_type: IID: train_accuracy=29.7120, test_accuracy=8.6500, train_loss=0.0507, test_loss=0.5220
2025-11-25 13:10:03,515:INFO:Epoch 19, client_count 10, Algo: FedRP (m=100), data_type: IID: train_accuracy=29.8160, test_accuracy=20.6800, train_loss=0.0507, test_loss=0.2618
2025-11-25 13:11:16,859:INFO:Epoch 20, client_count 10, Algo: FedRP (m=100), data_type: IID: train_accuracy=30.8460, test_accuracy=22.8000, train_loss=0.0502, test_loss=0.2671
2025-11-25 13:12:31,110:INFO:Epoch 21, client_count 10, Algo: FedRP (m=100), data_type: IID: train_accuracy=30.6280, test_accuracy=22.5900, train_loss=0.0507, test_loss=0.2608
2025-11-25 13:13:44,381:INFO:Epoch 22, client_count 10, Algo: FedRP (m=100), data_type: IID: train_accuracy=30.5340, test_accuracy=24.1900, train_loss=0.0509, test_loss=0.2452
2025-11-25 13:14:57,813:INFO:Epoch 23, client_count 10, Algo: FedRP (m=100), data_type: IID: train_accuracy=30.5160, test_accuracy=24.3200, train_loss=0.0511, test_loss=0.2472
2025-11-25 13:16:10,887:INFO:Epoch 24, client_count 10, Algo: FedRP (m=100), data_type: IID: train_accuracy=30.5740, test_accuracy=17.2400, train_loss=0.0510, test_loss=0.3157
2025-11-25 13:17:23,792:INFO:Epoch 25, client_count 10, Algo: FedRP (m=100), data_type: IID: train_accuracy=29.9360, test_accuracy=15.1900, train_loss=0.0516, test_loss=0.3396
2025-11-25 13:18:36,703:INFO:Epoch 26, client_count 10, Algo: FedRP (m=100), data_type: IID: train_accuracy=29.6920, test_accuracy=24.1100, train_loss=0.0519, test_loss=0.2494
2025-11-25 13:19:49,774:INFO:Epoch 27, client_count 10, Algo: FedRP (m=100), data_type: IID: train_accuracy=30.3160, test_accuracy=24.2000, train_loss=0.0516, test_loss=0.2508
2025-11-25 13:21:02,855:INFO:Epoch 28, client_count 10, Algo: FedRP (m=100), data_type: IID: train_accuracy=30.1360, test_accuracy=21.0400, train_loss=0.0516, test_loss=0.2713
2025-11-25 13:22:15,671:INFO:Epoch 29, client_count 10, Algo: FedRP (m=100), data_type: IID: train_accuracy=29.8800, test_accuracy=13.6900, train_loss=0.0516, test_loss=0.4151
2025-11-25 13:23:29,223:INFO:Epoch 30, client_count 10, Algo: FedRP (m=100), data_type: IID: train_accuracy=29.7460, test_accuracy=23.9400, train_loss=0.0520, test_loss=0.2570
2025-11-25 13:23:29,225:INFO:=== Summary for FedRP (m=100) (IID) ===
2025-11-25 13:23:29,225:INFO:Training time: 2232.16s, Final accuracy: 23.94%, Total comm cost: 3.00e+04, Convergence epoch: None
2025-11-25 16:00:47,623:INFO:Epoch 1, client_count 10, Algo: FedRP_Linear, data_type: IID: train_accuracy=3.4760, test_accuracy=1.6300, train_loss=0.0706, test_loss=0.5276 | RP Dim: 10
2025-11-25 16:01:55,251:INFO:Epoch 2, client_count 10, Algo: FedRP_Linear, data_type: IID: train_accuracy=7.0180, test_accuracy=1.7000, train_loss=0.0647, test_loss=0.6938 | RP Dim: 15
2025-11-25 16:03:01,656:INFO:Epoch 3, client_count 10, Algo: FedRP_Linear, data_type: IID: train_accuracy=9.7860, test_accuracy=3.1100, train_loss=0.0620, test_loss=0.5498 | RP Dim: 20
2025-11-25 16:04:01,987:INFO:Epoch 4, client_count 10, Algo: FedRP_Linear, data_type: IID: train_accuracy=12.8180, test_accuracy=1.6700, train_loss=0.0589, test_loss=0.6659 | RP Dim: 25
2025-11-25 16:05:03,356:INFO:Epoch 5, client_count 10, Algo: FedRP_Linear, data_type: IID: train_accuracy=14.8700, test_accuracy=4.6900, train_loss=0.0571, test_loss=0.4595 | RP Dim: 30
2025-11-25 16:06:52,897:INFO:Epoch 6, client_count 10, Algo: FedRP_Linear, data_type: IID: train_accuracy=17.0340, test_accuracy=7.3900, train_loss=0.0551, test_loss=0.3122 | RP Dim: 35
2025-11-25 16:23:45,517:INFO:Epoch 7, client_count 10, Algo: FedRP_Linear, data_type: IID: train_accuracy=19.3060, test_accuracy=4.5400, train_loss=0.0529, test_loss=0.3787 | RP Dim: 40
2025-11-25 16:35:57,434:INFO:Epoch 8, client_count 10, Algo: FedRP_Linear, data_type: IID: train_accuracy=20.8240, test_accuracy=3.9800, train_loss=0.0520, test_loss=0.4318 | RP Dim: 45
2025-11-25 16:48:22,585:INFO:Epoch 9, client_count 10, Algo: FedRP_Linear, data_type: IID: train_accuracy=21.8100, test_accuracy=3.6800, train_loss=0.0518, test_loss=0.6206 | RP Dim: 50
2025-11-25 16:49:34,504:INFO:Epoch 10, client_count 10, Algo: FedRP_Linear, data_type: IID: train_accuracy=23.0160, test_accuracy=4.5100, train_loss=0.0512, test_loss=0.4988 | RP Dim: 55
2025-11-25 16:54:16,419:INFO:Epoch 11, client_count 10, Algo: FedRP_Linear, data_type: IID: train_accuracy=24.6380, test_accuracy=1.3400, train_loss=0.0501, test_loss=1.4271 | RP Dim: 60
2025-11-25 17:07:05,388:INFO:Epoch 12, client_count 10, Algo: FedRP_Linear, data_type: IID: train_accuracy=25.4980, test_accuracy=7.4700, train_loss=0.0504, test_loss=0.5195 | RP Dim: 65
2025-11-25 17:29:22,003:INFO:Epoch 13, client_count 10, Algo: FedRP_Linear, data_type: IID: train_accuracy=27.4160, test_accuracy=6.7500, train_loss=0.0494, test_loss=0.5058 | RP Dim: 70
2025-11-25 17:30:50,094:INFO:Epoch 14, client_count 10, Algo: FedRP_Linear, data_type: IID: train_accuracy=27.6620, test_accuracy=3.2000, train_loss=0.0501, test_loss=0.8434 | RP Dim: 75
2025-11-25 17:49:01,286:INFO:Epoch 15, client_count 10, Algo: FedRP_Linear, data_type: IID: train_accuracy=27.9060, test_accuracy=8.3600, train_loss=0.0507, test_loss=0.4427 | RP Dim: 80
2025-11-25 18:02:19,968:INFO:Epoch 16, client_count 10, Algo: FedRP_Linear, data_type: IID: train_accuracy=29.2400, test_accuracy=4.4100, train_loss=0.0499, test_loss=0.8733 | RP Dim: 85
2025-11-25 18:13:44,556:INFO:Epoch 17, client_count 10, Algo: FedRP_Linear, data_type: IID: train_accuracy=29.5420, test_accuracy=4.0400, train_loss=0.0501, test_loss=0.8207 | RP Dim: 90
2025-11-25 18:21:44,628:INFO:Epoch 18, client_count 10, Algo: FedRP_Linear, data_type: IID: train_accuracy=30.0780, test_accuracy=9.4500, train_loss=0.0503, test_loss=0.4476 | RP Dim: 95
2025-11-25 18:44:06,698:INFO:Epoch 19, client_count 10, Algo: FedRP_Linear, data_type: IID: train_accuracy=29.4180, test_accuracy=11.7300, train_loss=0.0507, test_loss=0.4319 | RP Dim: 100
2025-11-25 19:01:18,942:INFO:Epoch 20, client_count 10, Algo: FedRP_Linear, data_type: IID: train_accuracy=30.1200, test_accuracy=16.3600, train_loss=0.0509, test_loss=0.3296 | RP Dim: 105
2025-11-25 19:27:42,399:INFO:Epoch 21, client_count 10, Algo: FedRP_Linear, data_type: IID: train_accuracy=30.4820, test_accuracy=23.5400, train_loss=0.0506, test_loss=0.2480 | RP Dim: 110
2025-11-25 19:48:36,065:INFO:Epoch 22, client_count 10, Algo: FedRP_Linear, data_type: IID: train_accuracy=30.1440, test_accuracy=18.8800, train_loss=0.0509, test_loss=0.3064 | RP Dim: 115
2025-11-25 19:59:16,461:INFO:Epoch 23, client_count 10, Algo: FedRP_Linear, data_type: IID: train_accuracy=29.9280, test_accuracy=20.2100, train_loss=0.0513, test_loss=0.2898 | RP Dim: 120
2025-11-25 21:05:37,840:INFO:Epoch 1, client_count 10, Algo: FedRP_Adaptive, data_type: IID: train_accuracy=3.5160, test_accuracy=2.0600, train_loss=0.0709, test_loss=0.5114 | RP Dim: 10
2025-11-25 21:07:06,240:INFO:Epoch 2, client_count 10, Algo: FedRP_Adaptive, data_type: IID: train_accuracy=6.8660, test_accuracy=2.8400, train_loss=0.0650, test_loss=0.4898 | RP Dim: 60
2025-11-25 21:24:00,801:INFO:Epoch 3, client_count 10, Algo: FedRP_Adaptive, data_type: IID: train_accuracy=9.4840, test_accuracy=2.2700, train_loss=0.0617, test_loss=0.4137 | RP Dim: 110
2025-11-25 22:01:53,285:INFO:Epoch 4, client_count 10, Algo: FedRP_Adaptive, data_type: IID: train_accuracy=12.0100, test_accuracy=2.2900, train_loss=0.0591, test_loss=0.4574 | RP Dim: 160
